0 info it worked if it ends with ok
1 verbose cli [ '/usr/local/bin/node', '/usr/local/bin/npm', 'run', 'clean' ]
2 info using npm@3.10.10
3 info using node@v6.11.0
4 verbose run-script [ 'preclean', 'clean', 'postclean' ]
5 info lifecycle react-boilerplate@3.4.0~preclean: react-boilerplate@3.4.0
6 silly lifecycle react-boilerplate@3.4.0~preclean: no script for preclean, continuing
7 info lifecycle react-boilerplate@3.4.0~clean: react-boilerplate@3.4.0
8 verbose lifecycle react-boilerplate@3.4.0~clean: unsafe-perm in lifecycle true
9 verbose lifecycle react-boilerplate@3.4.0~clean: PATH: /usr/local/lib/node_modules/npm/bin/node-gyp-bin:/Users/zzhang/Downloads/react-boilerplate-master/node_modules/.bin:/Users/zzhang/anaconda/bin:/usr/local/bin:/usr/bin:/bin:/usr/sbin:/sbin
10 verbose lifecycle react-boilerplate@3.4.0~clean: CWD: /Users/zzhang/Downloads/react-boilerplate-master
11 silly lifecycle react-boilerplate@3.4.0~clean: Args: [ '-c', 'shjs ./internals/scripts/clean.js' ]
12 info lifecycle react-boilerplate@3.4.0~clean: Failed to exec clean script
13 verbose stack Error: react-boilerplate@3.4.0 clean: `shjs ./internals/scripts/clean.js`
13 verbose stack spawn ENOENT
13 verbose stack     at ChildProcess.<anonymous> (/usr/local/lib/node_modules/npm/lib/utils/spawn.js:33:16)
13 verbose stack     at emitTwo (events.js:106:13)
13 verbose stack     at ChildProcess.emit (events.js:191:7)
13 verbose stack     at maybeClose (internal/child_process.js:891:16)
13 verbose stack     at Process.ChildProcess._handle.onexit (internal/child_process.js:226:5)
14 verbose pkgid react-boilerplate@3.4.0
15 verbose cwd /Users/zzhang/Downloads/react-boilerplate-master
16 error Darwin 16.6.0
17 error argv "/usr/local/bin/node" "/usr/local/bin/npm" "run" "clean"
18 error node v6.11.0
19 error npm  v3.10.10
20 error file sh
21 error code ELIFECYCLE
22 error errno ENOENT
23 error syscall spawn
24 error react-boilerplate@3.4.0 clean: `shjs ./internals/scripts/clean.js`
24 error spawn ENOENT
25 error Failed at the react-boilerplate@3.4.0 clean script 'shjs ./internals/scripts/clean.js'.
25 error Make sure you have the latest version of node.js and npm installed.
25 error If you do, this is most likely a problem with the react-boilerplate package,
25 error not with npm itself.
25 error Tell the author that this fails on your system:
25 error     shjs ./internals/scripts/clean.js
25 error You can get information on how to open an issue for this project with:
25 error     npm bugs react-boilerplate
25 error Or if that isn't available, you can get their info via:
25 error     npm owner ls react-boilerplate
25 error There is likely additional logging output above.
26 verbose exit [ 1, true ]
